  IndexBuffer.cpp
C:\Dev\OpenGLImple\OpenGLImple\src\IndexBuffer.cpp(6,5): warning C4551: function call missing argument list
C:\Dev\OpenGLImple\OpenGLImple\src\IndexBuffer.cpp(7,5): warning C4551: function call missing argument list
C:\Dev\OpenGLImple\OpenGLImple\src\IndexBuffer.cpp(8,5): warning C4551: function call missing argument list
C:\Dev\OpenGLImple\OpenGLImple\src\IndexBuffer.cpp(13,5): warning C4551: function call missing argument list
C:\Dev\OpenGLImple\OpenGLImple\src\IndexBuffer.cpp(18,5): warning C4551: function call missing argument list
C:\Dev\OpenGLImple\OpenGLImple\src\IndexBuffer.cpp(23,5): warning C4551: function call missing argument list
  Renderer.cpp
  main.cpp
C:\Dev\OpenGLImple\OpenGLImple\src\main.cpp(162,5): warning C4551: function call missing argument list
C:\Dev\OpenGLImple\OpenGLImple\src\main.cpp(179,9): warning C4551: function call missing argument list
C:\Dev\OpenGLImple\OpenGLImple\src\main.cpp(181,9): warning C4551: function call missing argument list
C:\Dev\OpenGLImple\OpenGLImple\src\main.cpp(182,9): warning C4551: function call missing argument list
C:\Dev\OpenGLImple\OpenGLImple\src\main.cpp(183,9): warning C4551: function call missing argument list
C:\Dev\OpenGLImple\OpenGLImple\src\main.cpp(185,9): warning C4551: function call missing argument list
  VertexBuffer.cpp
C:\Dev\OpenGLImple\OpenGLImple\src\VertexBuffer.cpp(6,5): warning C4551: function call missing argument list
C:\Dev\OpenGLImple\OpenGLImple\src\VertexBuffer.cpp(7,5): warning C4551: function call missing argument list
C:\Dev\OpenGLImple\OpenGLImple\src\VertexBuffer.cpp(8,5): warning C4551: function call missing argument list
C:\Dev\OpenGLImple\OpenGLImple\src\VertexBuffer.cpp(13,5): warning C4551: function call missing argument list
C:\Dev\OpenGLImple\OpenGLImple\src\VertexBuffer.cpp(18,5): warning C4551: function call missing argument list
C:\Dev\OpenGLImple\OpenGLImple\src\VertexBuffer.cpp(23,5): warning C4551: function call missing argument list
LINK : warning LNK4098: defaultlib 'LIBCMT' conflicts with use of other libs; use /NODEFAULTLIB:library
  Generating code
  192 of 213 functions (90.1%) were compiled, the rest were copied from previous compilation.
    138 functions were new in current compilation
    6 functions had inline decision re-evaluated but remain unchanged
  Finished generating code
glew32s.lib(glew.obj) : warning LNK4099: PDB '' was not found with 'glew32s.lib(glew.obj)' or at ''; linking object as if no debug info
  OpenGLImple.vcxproj -> C:\Dev\OpenGLImple\bin\x64\Release\OpenGLImple.exe
